14:08:04.493 -     TraceLog -  INFO -  UART> (Left) Main\main_hlp.c:504: BOOT(0x39): Preparing HLP (AA-01-23)
14:08:04.493 -     TraceLog -  INFO -  UART> (Left) Main\main_hlp.c:507: BOOT(0x3A): Fully booted and ready to communicate (AA-01-24)
**********************************************************************************************************************
***** ControllerTests.SystemTests.UseCaseMonaural.FmGmrToggleButton
**********************************************************************************************************************
15:17:26.115 -     Resetter -  INFO - TALIO> (Left) PowerOn Reset
15:17:26.115 -    JTagJLink - DEBUG - TALIO> (Left) Opening device #0 for WriteMem
14:08:04.592 -     TraceLog - TRACE -  UART> (Left) Domain\BinaeMachine_hlp.c:111: Q_INIT_SIG: bc_qsSm_super (AA-00-CF)
15:17:26.119 -    JTagJLink - ERROR - TALIO> Error on opening J-Link: "Can not connect to J-Link via USB."
Test finished in 00:00:00.3240307 seconds with "Error"
14:08:04.493 -     TraceLog -  INFO -  UART> (Left) Main\main_hlp.c:504: BOOT(0x39): Preparing HLP (AA-01-23)
14:08:04.493 -     TraceLog -  INFO -  UART> (Left) Main\main_hlp.c:507: BOOT(0x3A): Fully booted and ready to communicate (AA-01-24)
* **********************************************************************************************************************
***** ControllerTests.SystemTests.UseCaseMonaural.FmGmrTriggersPriorities
**********************************************************************************************************************
15:17:26.628 -     Resetter -  INFO - TALIO> (Left) Performing safe reset with normal (full) boot 
15:17:26.628 -     Resetter - DEBUG - TALIO> (Left) Reset VdigStd/Mem to default
15:17:26.628 -    JTagJLink - DEBUG - TALIO> (Left) Opening device #0 for WriteMem
14:08:04.592 -     TraceLog - TRACE -  UART> (Left) Domain\BinaeMachine_hlp.c:111: Q_INIT_SIG: bc_qsSm_super (AA-00-CF)
14:08:04.592 -     TraceLog - TRACE -  UART> (Left) Domain\BinaeMachine_hlp.c:313: Q_INIT_S1G: bc_qsSm_super (AA-00-CF)
14:08:04.493 -     TraceLog -  INFO -  UART> (Left) Main\main_hlp.c:504: BOOT(0x39): Preparing HLP (AA-01-23)
15:17:26.628 -    JTagJLink - DEBUG - TALIO> (Left) For device #0, connect to serial number 58004688
15:17:26.633 -    JTagJLink - ERROR - TALIO> Error on opening J-Link: "Can not connect to J-Link via USB."
Test finished in 00:00:00.0095908 seconds with "NOGOOD"
14:08:04.493 -     TraceLog -  INFO -  UART> (Left) Main\main_hlp.c:504: BOOT(0x39): Preparing HLP (AA-01-23)
14:08:04.493 -     TraceLog -  INFO -  UART> (Left) Main\main_hlp.c:507: BOOT(0x3A): Fully booted and ready to communicate (AA-01-24)
**********************************************************************************************************************
***** ControllerTests.SystemTests.ZobiLaMouche.FmGmrToggleButton
**********************************************************************************************************************
15:17:26.115 -     Resetter -  INFO - TALIO> (Left) PowerOn Reset
15:17:26.115 -    JTagJLink - DEBUG - TALIO> (Left) Opening device #0 for WriteMem
15:17:26.119 -    JTagJLink - ERROR - TALIO> Error on opening J-Link: "Can not connect to J-Link via USB."
Test finished in 00:00:00.3240307 seconds with "Error"
14:08:04.493 -     TraceLog -  INFO -  UART> (Left) Main\main_hlp.c:504: BOOT(0x39): Preparing HLP (AA-01-23)
14:08:04.493 -     TraceLog -  INFO -  UART> (Left) Main\main_hlp.c:507: BOOT(0x3A): Fully booted and ready to communicate (AA-01-24)
* **********************************************************************************************************************
***** ControllerTests.Zarbi.UseCaseMonaural.FmGmrTriggersPriorities
**********************************************************************************************************************
15:17:26.628 -     Resetter -  INFO - TALIO> (Left) Performing safe reset with normal (full) boot 
15:17:26.628 -     Resetter - DEBUG - TALIO> (Left) Reset VdigStd/Mem to default
15:17:26.628 -    JTagJLink - DEBUG - TALIO> (Left) Opening device #0 for WriteMem
15:17:26.628 -    JTagJLink - DEBUG - TALIO> (Left) For device #0, connect to serial number 58004688
15:17:26.633 -    JTagJLink - ERROR - TALIO> Error on opening J-Link: "Can not connect to J-Link via USB."
Test finished in 00:00:00.0095908 seconds with "Good"
**********************************************************************************************************************
***** ControllerTests.ZobiLaMouche.FmGmrToggleButton
**********************************************************************************************************************
15:17:26.115 -     Resetter -  INFO - TALIO> (Left) Unique head line
15:17:26.115 -    JTagJLink - DEBUG - TALIO> (Left) Opening device #0 for WriteMem
14:08:04.592 -     TraceLog - TRACE -  UART> (Left) Domain\BinaeMachine_hlp.c:111: Q_INIT_SIG: bc_qsSm_super (AA-00-CF)
15:17:26.119 -    JTagJLink - ERROR - TALIO> Error on opening J-Link: "Can not connect to J-Link via USB."
Test finished in 00:00:00.3240307 seconds with "Error"
14:08:04.493 -     TraceLog -  INFO -  UART> (Left) Main\main_hlp.c:504: BOOT(0x39): Preparing HLP (AA-01-23)
14:08:04.493 -     TraceLog -  INFO -  UART> (Left) Main\main_hlp.c:507: BOOT(0x3A): Fully booted and ready to communicate (AA-01-24)
